<?xml version="1.0" encoding="UTF-8" ?>
<testsuite errors="0" failures="0" hostname="tmp58b035f74ff8.student.cwru.edu" name="TankTest" tests="6" time="0.049" timestamp="2012-09-26T01:16:47">
  <properties>
    <property name="java.vendor" value="Apple Inc." />
    <property name="sun.java.launcher" value="SUN_STANDARD" />
    <property name="jikes.class.path" value=":/System/Library/Java/JavaVirtualMachines/1.6.0.jdk/Contents/Home/../Classes/alt-rt.jar:/System/Library/Java/JavaVirtualMachines/1.6.0.jdk/Contents/Home/../Classes/alt-string.jar:/System/Library/Java/JavaVirtualMachines/1.6.0.jdk/Contents/Home/../Classes/charsets.jar:/System/Library/Java/JavaVirtualMachines/1.6.0.jdk/Contents/Home/../Classes/classes.jar:/System/Library/Java/JavaVirtualMachines/1.6.0.jdk/Contents/Home/../Classes/dt.jar:/System/Library/Java/JavaVirtualMachines/1.6.0.jdk/Contents/Home/../Classes/jce.jar:/System/Library/Java/JavaVirtualMachines/1.6.0.jdk/Contents/Home/../Classes/jconsole.jar:/System/Library/Java/JavaVirtualMachines/1.6.0.jdk/Contents/Home/../Classes/jsse.jar:/System/Library/Java/JavaVirtualMachines/1.6.0.jdk/Contents/Home/../Classes/management-agent.jar:/System/Library/Java/JavaVirtualMachines/1.6.0.jdk/Contents/Home/../Classes/ui.jar" />
    <property name="env.JAVA_MAIN_CLASS_10835" value="org.apache.tools.ant.launch.Launcher" />
    <property name="sun.management.compiler" value="HotSpot 64-Bit Tiered Compilers" />
    <property name="env.GEM_HOME" value="/Users/Daniel/.rvm/gems/ruby-1.9.3-p194" />
    <property name="os.name" value="Mac OS X" />
    <property name="sun.boot.class.path" value="/System/Library/Java/JavaVirtualMachines/1.6.0.jdk/Contents/Classes/jsfd.jar:/System/Library/Java/JavaVirtualMachines/1.6.0.jdk/Contents/Classes/classes.jar:/System/Library/Frameworks/JavaVM.framework/Frameworks/JavaRuntimeSupport.framework/Resources/Java/JavaRuntimeSupport.jar:/System/Library/Java/JavaVirtualMachines/1.6.0.jdk/Contents/Classes/ui.jar:/System/Library/Java/JavaVirtualMachines/1.6.0.jdk/Contents/Classes/laf.jar:/System/Library/Java/JavaVirtualMachines/1.6.0.jdk/Contents/Classes/sunrsasign.jar:/System/Library/Java/JavaVirtualMachines/1.6.0.jdk/Contents/Classes/jsse.jar:/System/Library/Java/JavaVirtualMachines/1.6.0.jdk/Contents/Classes/jce.jar:/System/Library/Java/JavaVirtualMachines/1.6.0.jdk/Contents/Classes/charsets.jar" />
    <property name="env.TMPDIR" value="/var/folders/74/gz_fds452m96fhqzf846119c0000gn/T/" />
    <property name="env.Apple_Ubiquity_Message" value="/tmp/launch-vwoZpy/Apple_Ubiquity_Message" />
    <property name="env.PWD" value="/Users/Daniel/Documents/workspace/Assignment5" />
    <property name="env.LANG" value="en_US.UTF-8" />
    <property name="java.vm.specification.vendor" value="Sun Microsystems Inc." />
    <property name="ant.home" value="/usr/share/ant" />
    <property name="java.runtime.version" value="1.6.0_35-b10-428-11M3811" />
    <property name="env.MY_RUBY_HOME" value="/Users/Daniel/.rvm/rubies/ruby-1.9.3-p194" />
    <property name="env.Apple_PubSub_Socket_Render" value="/tmp/launch-EOANX1/Render" />
    <property name="env.DISPLAY" value="/tmp/launch-jJtn5M/org.x:0" />
    <property name="env.rvm_version" value="1.14.1 (master)" />
    <property name="user.name" value="Daniel" />
    <property name="env.escape_flag" value="1" />
    <property name="ant.file.Assignment5" value="/Users/Daniel/Documents/workspace/Assignment5/build.xml" />
    <property name="env.USER" value="Daniel" />
    <property name="env.SHELL" value="/bin/bash" />
    <property name="env.__CF_USER_TEXT_ENCODING" value="0x1F5:0:0" />
    <property name="awt.nativeDoubleBuffering" value="true" />
    <property name="env.PATH" value="/Users/Daniel/.rvm/gems/ruby-1.9.3-p194/bin:/Users/Daniel/.rvm/gems/ruby-1.9.3-p194@global/bin:/Users/Daniel/.rvm/rubies/ruby-1.9.3-p194/bin:/Users/Daniel/.rvm/bin:/usr/local/bin:/usr/local/sbin:~/bin:/usr/bin:/bin:/usr/sbin:/sbin:/usr/local/bin:/usr/X11/bin:/usr/local/git/bin:/usr/texbin" />
    <property name="user.language" value="en" />
    <property name="env.rvm_prefix" value="/Users/Daniel" />
    <property name="sun.boot.library.path" value="/System/Library/Java/JavaVirtualMachines/1.6.0.jdk/Contents/Libraries" />
    <property name="ant.project.default-target" value="build" />
    <property name="ant.project.name" value="Assignment5" />
    <property name="env.rvm_path" value="/Users/Daniel/.rvm" />
    <property name="env.RUBY_VERSION" value="ruby-1.9.3-p194" />
    <property name="java.version" value="1.6.0_35" />
    <property name="user.timezone" value="" />
    <property name="env._first" value="0" />
    <property name="sun.arch.data.model" value="64" />
    <property name="http.nonProxyHosts" value="local|*.local|169.254/16|*.169.254/16" />
    <property name="java.endorsed.dirs" value="/System/Library/Java/JavaVirtualMachines/1.6.0.jdk/Contents/Home/lib/endorsed" />
    <property name="sun.cpu.isalist" value="" />
    <property name="sun.jnu.encoding" value="MacRoman" />
    <property name="env.rvm_bin_path" value="/Users/Daniel/.rvm/bin" />
    <property name="file.encoding.pkg" value="sun.io" />
    <property name="env.SHLVL" value="1" />
    <property name="ECLIPSE_HOME" value="../../../../../Applications/eclipse" />
    <property name="file.separator" value="/" />
    <property name="java.specification.name" value="Java Platform API Specification" />
    <property name="java.class.version" value="50.0" />
    <property name="user.country" value="US" />
    <property name="java.home" value="/System/Library/Java/JavaVirtualMachines/1.6.0.jdk/Contents/Home" />
    <property name="java.vm.info" value="mixed mode" />
    <property name="ant.file.type.Assignment5" value="file" />
    <property name="env.LOGNAME" value="Daniel" />
    <property name="ant.file" value="/Users/Daniel/Documents/workspace/Assignment5/build.xml" />
    <property name="os.version" value="10.7.4" />
    <property name="env.TERM_PROGRAM_VERSION" value="303.2" />
    <property name="path.separator" value=":" />
    <property name="java.vm.version" value="20.10-b01-428" />
    <property name="env._second" value="1" />
    <property name="ant.library.dir" value="/usr/share/ant/lib" />
    <property name="junit.output.dir" value="junit" />
    <property name="env.IRBRC" value="/Users/Daniel/.rvm/rubies/ruby-1.9.3-p194/.irbrc" />
    <property name="java.awt.printerjob" value="apple.awt.CPrinterJob" />
    <property name="env.TERM" value="xterm-256color" />
    <property name="sun.io.unicode.encoding" value="UnicodeLittle" />
    <property name="awt.toolkit" value="apple.awt.CToolkit" />
    <property name="socksNonProxyHosts" value="local|*.local|169.254/16|*.169.254/16" />
    <property name="ftp.nonProxyHosts" value="local|*.local|169.254/16|*.169.254/16" />
    <property name="env.GEM_PATH" value="/Users/Daniel/.rvm/gems/ruby-1.9.3-p194:/Users/Daniel/.rvm/gems/ruby-1.9.3-p194@global" />
    <property name="user.home" value="/Users/Daniel" />
    <property name="target" value="1.6" />
    <property name="java.specification.vendor" value="Sun Microsystems Inc." />
    <property name="env.TERM_PROGRAM" value="Apple_Terminal" />
    <property name="java.library.path" value=".:/Library/Java/Extensions:/System/Library/Java/Extensions:/usr/lib/java" />
    <property name="java.vendor.url" value="http://www.apple.com/" />
    <property name="java.vm.vendor" value="Apple Inc." />
    <property name="gopherProxySet" value="false" />
    <property name="java.runtime.name" value="Java(TM) SE Runtime Environment" />
    <property name="ant.version" value="Apache Ant(TM) version 1.8.2 compiled on June 3 2011" />
    <property name="sun.java.command" value="org.apache.tools.ant.taskdefs.optional.junit.JUnitTestRunner TankTest filtertrace=true haltOnError=false haltOnFailure=false formatter=org.apache.tools.ant.taskdefs.optional.junit.OutErrSummaryJUnitResultFormatter showoutput=false outputtoformatters=true logfailedtests=true logtestlistenerevents=false formatter=org.apache.tools.ant.taskdefs.optional.junit.XMLJUnitResultFormatter,/Users/Daniel/Documents/workspace/Assignment5/junit/TEST-TankTest.xml crashfile=/Users/Daniel/Documents/workspace/Assignment5/junitvmwatcher5370748900324983946.properties propsfile=/Users/Daniel/Documents/workspace/Assignment5/junit2092210211411910071.properties" />
    <property name="java.class.path" value="/Users/Daniel/Documents/workspace/Assignment5/bin:/Users/Daniel/Documents/workspace/Assignment5/junit.jar:/Users/Daniel/Documents/workspace/Assignment5/org.hamcrest.core_1.1.0.v20090501071000.jar:/usr/share/java/ant-1.8.2/lib/ant-launcher.jar:/usr/share/ant/lib/ant.jar:/usr/share/ant/lib/ant-junit.jar:/usr/share/ant/lib/ant-junit4.jar" />
    <property name="env.TERM_SESSION_ID" value="0ED2C10E-D23E-4CDB-A693-A3009CDE408D" />
    <property name="env.com.apple.java.jvmMode" value="client" />
    <property name="java.vm.specification.name" value="Java Virtual Machine Specification" />
    <property name="ant.file.type" value="file" />
    <property name="java.vm.specification.version" value="1.0" />
    <property name="sun.cpu.endian" value="little" />
    <property name="sun.os.patch.level" value="unknown" />
    <property name="debuglevel" value="source,lines,vars" />
    <property name="env.HOME" value="/Users/Daniel" />
    <property name="java.io.tmpdir" value="/var/folders/74/gz_fds452m96fhqzf846119c0000gn/T/" />
    <property name="java.vendor.url.bug" value="http://bugreport.apple.com/" />
    <property name="env.SSH_AUTH_SOCK" value="/tmp/launch-h8chuy/Listeners" />
    <property name="env.COMMAND_MODE" value="unix2003" />
    <property name="mrj.build" value="11M3811" />
    <property name="os.arch" value="x86_64" />
    <property name="java.awt.graphicsenv" value="apple.awt.CGraphicsEnvironment" />
    <property name="env.__array_start" value="0" />
    <property name="java.ext.dirs" value="/Library/Java/Extensions:/System/Library/Java/Extensions:/System/Library/Java/JavaVirtualMachines/1.6.0.jdk/Contents/Home/lib/ext" />
    <property name="user.dir" value="/Users/Daniel/Documents/workspace/Assignment5" />
    <property name="mrj.version" value="1070.1.6.0_35-428" />
    <property name="env.com.apple.java.jvmTask" value="CommandLine_Manual.java" />
    <property name="line.separator" value="&#xa;" />
    <property name="java.vm.name" value="Java HotSpot(TM) 64-Bit Server VM" />
    <property name="basedir" value="/Users/Daniel/Documents/workspace/Assignment5" />
    <property name="ant.java.version" value="1.6" />
    <property name="ant.core.lib" value="/usr/share/ant/lib/ant.jar" />
    <property name="source" value="1.6" />
    <property name="file.encoding" value="MacRoman" />
    <property name="java.specification.version" value="1.6" />
    <property name="ant.project.invoked-targets" value="TankTest" />
  </properties>
  <testcase classname="TankTest" name="testSetCoordinates" time="0.0010" />
  <testcase classname="TankTest" name="testSetCoordinatesNegative" time="0.0" />
  <testcase classname="TankTest" name="testSetCoordinatesRepeated" time="0.0" />
  <testcase classname="TankTest" name="testGetBottom" time="0.0" />
  <testcase classname="TankTest" name="testGetTop" time="0.0" />
  <testcase classname="TankTest" name="testBaseArea" time="0.0010" />
  <system-out><![CDATA[]]></system-out>
  <system-err><![CDATA[]]></system-err>
</testsuite>
